This is pdfTeX, Version 3.14159265-2.6-1.40.21 (TeX Live 2020) (preloaded format=pdflatex 2020.11.8)  14 SEP 2021 10:58
entering extended mode
 restricted \write18 enabled.
 file:line:error style messages enabled.
 %&-line parsing enabled.
**tesi-config.tex
(./tesi-config.tex
LaTeX2e <2020-02-02> patch level 5
L3 programming layer <2020-03-06>
\bibdata{bibliografia}
No file tesi-config.bbl.
./tesi-config.tex:55: Undefined control sequence.
l.55 \defbibheading
                   {bibliography} {
? 

./tesi-config.tex:55: LaTeX Error: Missing \begin{document}.

See the LaTeX manual or LaTeX Companion for explanation.
Type  H <return>  for immediate help.
 ...                                              
                                                  
l.55 \defbibheading{b
                     ibliography} {
? 
Missing character: There is no b in font nullfont!
Missing character: There is no i in font nullfont!
Missing character: There is no b in font nullfont!
Missing character: There is no l in font nullfont!
Missing character: There is no i in font nullfont!
Missing character: There is no o in font nullfont!
Missing character: There is no g in font nullfont!
Missing character: There is no r in font nullfont!
Missing character: There is no a in font nullfont!
Missing character: There is no p in font nullfont!
Missing character: There is no h in font nullfont!
Missing character: There is no y in font nullfont!

Overfull \hbox (14.0pt too wide) in paragraph at lines 55--56
[]
 []


./tesi-config.tex:56: LaTeX Error: The font size command \normalsize is not def
ined:
               there is probably something wrong with the class file.

See the LaTeX manual or LaTeX Companion for explanation.
Type  H <return>  for immediate help.
 ...                                              
                                                  
l.56     \cleardoublepage
                         
? 
[1]
./tesi-config.tex:57: Undefined control sequence.
l.57     \phantomsection
                        
? 
./tesi-config.tex:58: Undefined control sequence.
<argument> ...ct \contentsline {chapter}{\bibname 
                                                  }{\thepage }\protected@fil...
l.58     \addcontentsline{toc}{chapter}{\bibname}
                                                 
? 
./tesi-config.tex:59: Undefined control sequence.
l.59     \chapter
                 *{\bibname\markboth{\bibname}{\bibname}}
? 

./tesi-config.tex:59: LaTeX Error: Missing \begin{document}.

See the LaTeX manual or LaTeX Companion for explanation.
Type  H <return>  for immediate help.
 ...                                              
                                                  
l.59     \chapter*
                  {\bibname\markboth{\bibname}{\bibname}}
? 
Missing character: There is no * in font nullfont!
./tesi-config.tex:59: Undefined control sequence.
l.59     \chapter*{\bibname
                           \markboth{\bibname}{\bibname}}
? 
./tesi-config.tex:59: Undefined control sequence.
<argument> \bibname 
                    
l.59 ...ter*{\bibname\markboth{\bibname}{\bibname}
                                                  }
? 
./tesi-config.tex:59: Undefined control sequence.
<argument> \bibname 
                    
l.59 ...ter*{\bibname\markboth{\bibname}{\bibname}
                                                  }
? 

Overfull \hbox (14.0pt too wide) in paragraph at lines 59--61
[]
 []

./tesi-config.tex:62: Undefined control sequence.
<argument> \bibitemsep 
                       
l.62 \setlength\bibitemsep{1.5\itemsep}
                                        % spazio tra entry
? 
./tesi-config.tex:62: Emergency stop.
<argument> \bibitemsep 
                       
l.62 \setlength\bibitemsep{1.5\itemsep}
                                        % spazio tra entry
End of file on the terminal!

 
Here is how much of TeX's memory you used:
 33 strings out of 480608
 535 string characters out of 5903630
 239610 words of memory out of 5000000
 16024 multiletter control sequences out of 15000+600000
 532338 words of font info for 24 fonts, out of 8000000 for 9000
 1141 hyphenation exceptions out of 8191
 19i,4n,15p,110b,95s stack positions out of 5000i,500n,10000p,200000b,80000s
./tesi-config.tex:62:  ==> Fatal error occurred, no output PDF file produced!
